[INFO] Scanning for projects...
[INFO] 
[INFO] --------------------------< com.example:demo >--------------------------
[INFO] Building demo 0.0.1-SNAPSHOT
[INFO]   from pom.xml
[INFO] --------------------------------[ jar ]---------------------------------
[INFO] 
[INFO] >>> spring-boot:3.5.9:run (default-cli) > test-compile @ demo >>>
[INFO] 
[INFO] --- resources:3.3.1:resources (default-resources) @ demo ---
[INFO] Copying 1 resource from src\main\resources to target\classes
[INFO] Copying 31 resources from src\main\resources to target\classes
[INFO] 
[INFO] --- compiler:3.14.1:compile (default-compile) @ demo ---
[INFO] Recompiling the module because of changed source code.
[INFO] Compiling 86 source files with javac [debug parameters release 21] to target\classes
[INFO] Annotation processing is enabled because one or more processors were found
  on the class path. A future release of javac may disable annotation processing
  unless at least one processor is specified by name (-processor), or a search
  path is specified (--processor-path, --processor-module-path), or annotation
  processing is enabled explicitly (-proc:only, -proc:full).
  Use -Xlint:-options to suppress this message.
  Use -proc:none to disable annotation processing.
[INFO] -------------------------------------------------------------
[WARNING] COMPILATION WARNING : 
[INFO] -------------------------------------------------------------
[WARNING] /D:/Hoc_spring_boot/TrainingManagementSystem/quanlydaotao/src/main/java/com/example/demo/n1/security/SecurityConfig.java:[53,51] org.springframework.security.web.util.matcher.AntPathRequestMatcher in org.springframework.security.web.util.matcher has been deprecated and marked for removal
[INFO] 1 warning
[INFO] -------------------------------------------------------------
[INFO] -------------------------------------------------------------
[ERROR] COMPILATION ERROR : 
[INFO] -------------------------------------------------------------
[ERROR] /D:/Hoc_spring_boot/TrainingManagementSystem/quanlydaotao/src/main/java/com/example/demo/n10/controller/CourseClassController.java:[29,30] method getAllCourseClasses() is already defined in class com.example.demo.n10.controller.CourseClassController
[ERROR] /D:/Hoc_spring_boot/TrainingManagementSystem/quanlydaotao/src/main/java/com/example/demo/n10/controller/SemesterController.java:[29,27] method getAllSemesters() is already defined in class com.example.demo.n10.controller.SemesterController
[ERROR] /D:/Hoc_spring_boot/TrainingManagementSystem/quanlydaotao/src/main/java/com/example/demo/n10/controller/CourseClassController.java:[28,5] org.springframework.web.bind.annotation.GetMapping is not a repeatable annotation interface
[ERROR] /D:/Hoc_spring_boot/TrainingManagementSystem/quanlydaotao/src/main/java/com/example/demo/n10/controller/SemesterController.java:[28,5] org.springframework.web.bind.annotation.GetMapping is not a repeatable annotation interface
[INFO] 4 errors 
[INFO] -------------------------------------------------------------
[INFO] ------------------------------------------------------------------------
[INFO] BUILD FAILURE
[INFO] ------------------------------------------------------------------------
[INFO] Total time:  3.151 s
[INFO] Finished at: 2026-05-14T12:45:32+07:00
[INFO] ------------------------------------------------------------------------
[ERROR] Failed to execute goal org.apache.maven.plugins:maven-compiler-plugin:3.14.1:compile (default-compile) on project demo: Compilation failure: Compilation failure: 
[ERROR] /D:/Hoc_spring_boot/TrainingManagementSystem/quanlydaotao/src/main/java/com/example/demo/n10/controller/CourseClassController.java:[29,30] method getAllCourseClasses() is already defined in class com.example.demo.n10.controller.CourseClassController
[ERROR] /D:/Hoc_spring_boot/TrainingManagementSystem/quanlydaotao/src/main/java/com/example/demo/n10/controller/SemesterController.java:[29,27] method getAllSemesters() is already defined in class com.example.demo.n10.controller.SemesterController
[ERROR] /D:/Hoc_spring_boot/TrainingManagementSystem/quanlydaotao/src/main/java/com/example/demo/n10/controller/CourseClassController.java:[28,5] org.springframework.web.bind.annotation.GetMapping is not a repeatable annotation interface
[ERROR] /D:/Hoc_spring_boot/TrainingManagementSystem/quanlydaotao/src/main/java/com/example/demo/n10/controller/SemesterController.java:[28,5] org.springframework.web.bind.annotation.GetMapping is not a repeatable annotation interface
[ERROR] -> [Help 1]
[ERROR] 
[ERROR] To see the full stack trace of the errors, re-run Maven with the -e switch.
[ERROR] Re-run Maven using the -X switch to enable full debug logging.
[ERROR] 
[ERROR] For more information about the errors and possible solutions, please read the following articles:
[ERROR] [Help 1] http://cwiki.apache.org/confluence/display/MAVEN/MojoFailureException
